===== session start 2025-12-10 22:27:06.624 =====
2025-12-10 22:27:06.625 [INFO] [t:0x2094b6080] physics starting
2025-12-10 22:27:06.628 [INFO] [t:0x2094b6080] physics reseed: count=10
2025-12-10 22:27:08.453 [INFO] [t:0x2094b6080] running = true
===== session start 2025-12-10 22:35:41.603 =====
2025-12-10 22:35:41.604 [INFO] [t:0x2094b6080] physics starting
2025-12-10 22:35:41.605 [INFO] [t:0x2094b6080] physics reseed: count=1
2025-12-10 22:35:45.687 [INFO] [t:0x2094b6080] reseed random
2025-12-10 22:42:52.157 [INFO] [t:0x2094b6080] quit requested
2025-12-10 22:42:52.177 [INFO] [t:0x2094b6080] physics terminating
===== session end   2025-12-10 22:42:52.177 =====
===== session start 2025-12-10 22:43:32.786 =====
2025-12-10 22:43:32.787 [INFO] [t:0x2094b6080] physics starting
2025-12-10 22:43:32.788 [INFO] [t:0x2094b6080] physics reseed: count=12
2025-12-10 22:43:34.969 [INFO] [t:0x2094b6080] running = true
===== session start 2025-12-10 22:47:08.732 =====
===== session start 2025-12-10 22:54:17.104 =====
2025-12-10 22:54:17.104 [INFO] [t:0x2094b6080] physics starting
2025-12-10 22:54:17.105 [INFO] [t:0x2094b6080] physics reseed: count=12
2025-12-10 22:54:19.430 [INFO] [t:0x2094b6080] running = true
2025-12-10 22:55:53.744 [INFO] [t:0x2094b6080] quit requested
2025-12-10 22:55:53.762 [INFO] [t:0x2094b6080] physics terminating
===== session end   2025-12-10 22:55:53.762 =====
===== session start 2025-12-10 22:56:03.215 =====
2025-12-10 22:56:03.216 [INFO] [t:0x2094b6080] physics starting
2025-12-10 22:56:03.216 [INFO] [t:0x2094b6080] physics reseed: count=17
2025-12-10 22:56:04.327 [INFO] [t:0x2094b6080] running = true
2025-12-10 22:57:41.166 [INFO] [t:0x2094b6080] quit requested
2025-12-10 22:57:41.186 [INFO] [t:0x2094b6080] physics terminating
===== session end   2025-12-10 22:57:41.186 =====
===== session start 2025-12-10 22:59:29.486 =====
2025-12-10 22:59:29.487 [INFO] [t:0x2094b6080] physics starting
2025-12-10 22:59:29.488 [INFO] [t:0x2094b6080] physics reseed: count=15
2025-12-10 22:59:34.207 [INFO] [t:0x2094b6080] reseed random
2025-12-10 22:59:35.160 [INFO] [t:0x2094b6080] reseed random
2025-12-10 22:59:35.810 [INFO] [t:0x2094b6080] reseed random
2025-12-10 22:59:36.404 [INFO] [t:0x2094b6080] reseed random
2025-12-10 22:59:37.014 [INFO] [t:0x2094b6080] reseed random
2025-12-10 22:59:37.536 [INFO] [t:0x2094b6080] reseed random
2025-12-10 22:59:37.974 [INFO] [t:0x2094b6080] reseed random
2025-12-10 22:59:51.957 [INFO] [t:0x2094b6080] running = true
2025-12-10 23:04:57.375 [INFO] [t:0x2094b6080] reseed random
2025-12-10 23:09:25.612 [INFO] [t:0x2094b6080] reseed random
2025-12-10 23:11:06.550 [INFO] [t:0x2094b6080] delay set(ms): 30
2025-12-10 23:11:06.766 [INFO] [t:0x2094b6080] delay set(ms): 35
2025-12-10 23:11:06.917 [INFO] [t:0x2094b6080] delay set(ms): 40
2025-12-10 23:11:07.132 [INFO] [t:0x2094b6080] delay set(ms): 45
2025-12-10 23:11:07.308 [INFO] [t:0x2094b6080] delay set(ms): 50
2025-12-10 23:11:07.504 [INFO] [t:0x2094b6080] delay set(ms): 55
2025-12-10 23:11:07.713 [INFO] [t:0x2094b6080] delay set(ms): 60
2025-12-10 23:11:08.526 [INFO] [t:0x2094b6080] delay set(ms): 55
2025-12-10 23:11:08.763 [INFO] [t:0x2094b6080] delay set(ms): 50
2025-12-10 23:11:08.954 [INFO] [t:0x2094b6080] delay set(ms): 45
2025-12-10 23:11:28.645 [INFO] [t:0x2094b6080] quit requested
2025-12-10 23:11:28.665 [INFO] [t:0x2094b6080] physics terminating
===== session end   2025-12-10 23:11:28.665 =====
===== session start 2025-12-10 23:12:13.296 =====
